<?xml version="1.0" encoding="UTF-8"?>
<!-- Generated by org.testng.reporters.JUnitReportReporter -->
<testsuite hostname="DESKTOP-VMLBR8N" failures="0" tests="1" name="runner.HomePageRunner" time="55.940" errors="0" timestamp="2023-05-12T14:59:07 IST" skipped="0">
  <testcase classname="runner.HomePageRunner" name="runScenario" time="55.940"/>
  <system-out/>
</testsuite> <!-- runner.HomePageRunner -->
