<?xml version="1.0" encoding="UTF-8"?>
<!-- Generated by org.testng.reporters.JUnitReportReporter -->
<testsuite hostname="DESKTOP-VMLBR8N" failures="0" tests="1" name="runner.HomePageRunner" time="31.916" errors="0" timestamp="2023-05-12T15:41:50 IST" skipped="0">
  <testcase classname="runner.HomePageRunner" name="runScenario" time="31.916"/>
  <system-out/>
</testsuite> <!-- runner.HomePageRunner -->
