<?xml version="1.0" encoding="UTF-8"?>
<!-- Generated by org.testng.reporters.JUnitReportReporter -->
<testsuite hostname="DESKTOP-VMLBR8N" failures="0" tests="1" name="runner.HomePageRunner" time="22.824" errors="0" timestamp="10 May 2023 10:39:06 GMT" skipped="0">
  <testcase classname="runner.HomePageRunner" name="runScenario" time="22.824"/>
</testsuite> <!-- runner.HomePageRunner -->
